[2019-12-13T00:59:53.971592+01:00] request.INFO: Matched route "show_tournament". {"route":"show_tournament","route_parameters":{"_route":"show_tournament","_controller":"App\\Controller\\TournamentController::show"},"request_uri":"https://montournoi.org/tournoi/show?id=2","method":"GET"} []
[2019-12-13T00:59:54.235197+01:00] security.DEBUG: Checking for guard authentication credentials. {"firewall_key":"main","authenticators":1} []
[2019-12-13T00:59:54.235219+01:00] security.DEBUG: Checking support on guard authenticator. {"firewall_key":"main","authenticator":"App\\Security\\LoginFormAuthenticator"} []
[2019-12-13T00:59:54.235234+01:00] security.DEBUG: Guard authenticator does not support the request. {"firewall_key":"main","authenticator":"App\\Security\\LoginFormAuthenticator"} []
[2019-12-13T00:59:54.807921+01:00] request.CRITICAL: Uncaught PHP Exception Twig\Error\SyntaxError: "Did you forget to run "composer require symfony/debug-bundle"? Unknown function "dump" in "tournament/show.html.twig"." at /home/users6/w/wkh4428/www/montournoi.org/vendor/symfony/twig-bridge/UndefinedCallableHandler.php line 96 {"exception":"[object] (Twig\\Error\\SyntaxError(code: 0): Did you forget to run \"composer require symfony/debug-bundle\"? Unknown function \"dump\" in \"tournament/show.html.twig\". at /home/users6/w/wkh4428/www/montournoi.org/vendor/symfony/twig-bridge/UndefinedCallableHandler.php:96)"} []
[2019-12-13T01:20:03.786628+01:00] request.INFO: Matched route "show_tournament". {"route":"show_tournament","route_parameters":{"_route":"show_tournament","_controller":"App\\Controller\\TournamentController::show"},"request_uri":"https://montournoi.org/tournoi/show?id=1","method":"GET"} []
[2019-12-13T01:20:04.070354+01:00] security.DEBUG: Checking for guard authentication credentials. {"firewall_key":"main","authenticators":1} []
[2019-12-13T01:20:04.070392+01:00] security.DEBUG: Checking support on guard authenticator. {"firewall_key":"main","authenticator":"App\\Security\\LoginFormAuthenticator"} []
[2019-12-13T01:20:04.070416+01:00] security.DEBUG: Guard authenticator does not support the request. {"firewall_key":"main","authenticator":"App\\Security\\LoginFormAuthenticator"} []
[2019-12-13T01:20:04.924678+01:00] request.CRITICAL: Uncaught PHP Exception Twig\Error\SyntaxError: "Did you forget to run "composer require symfony/debug-bundle"? Unknown function "dump" in "tournament/show.html.twig"." at /home/users6/w/wkh4428/www/montournoi.org/vendor/symfony/twig-bridge/UndefinedCallableHandler.php line 96 {"exception":"[object] (Twig\\Error\\SyntaxError(code: 0): Did you forget to run \"composer require symfony/debug-bundle\"? Unknown function \"dump\" in \"tournament/show.html.twig\". at /home/users6/w/wkh4428/www/montournoi.org/vendor/symfony/twig-bridge/UndefinedCallableHandler.php:96)"} []
[2019-12-13T01:20:38.209544+01:00] request.INFO: Matched route "show_tournament". {"route":"show_tournament","route_parameters":{"_route":"show_tournament","_controller":"App\\Controller\\TournamentController::show"},"request_uri":"https://montournoi.org/tournoi/show?id=2","method":"GET"} []
[2019-12-13T01:20:38.467721+01:00] security.DEBUG: Checking for guard authentication credentials. {"firewall_key":"main","authenticators":1} []
[2019-12-13T01:20:38.467778+01:00] security.DEBUG: Checking support on guard authenticator. {"firewall_key":"main","authenticator":"App\\Security\\LoginFormAuthenticator"} []
[2019-12-13T01:20:38.467813+01:00] security.DEBUG: Guard authenticator does not support the request. {"firewall_key":"main","authenticator":"App\\Security\\LoginFormAuthenticator"} []
[2019-12-13T01:20:38.966396+01:00] request.CRITICAL: Uncaught PHP Exception Twig\Error\SyntaxError: "Did you forget to run "composer require symfony/debug-bundle"? Unknown function "dump" in "tournament/show.html.twig"." at /home/users6/w/wkh4428/www/montournoi.org/vendor/symfony/twig-bridge/UndefinedCallableHandler.php line 96 {"exception":"[object] (Twig\\Error\\SyntaxError(code: 0): Did you forget to run \"composer require symfony/debug-bundle\"? Unknown function \"dump\" in \"tournament/show.html.twig\". at /home/users6/w/wkh4428/www/montournoi.org/vendor/symfony/twig-bridge/UndefinedCallableHandler.php:96)"} []
[2019-12-13T01:21:15.019725+01:00] request.INFO: Matched route "show_tournament". {"route":"show_tournament","route_parameters":{"_route":"show_tournament","_controller":"App\\Controller\\TournamentController::show"},"request_uri":"https://montournoi.org/tournoi/show?id=2","method":"GET"} []
[2019-12-13T01:21:15.274038+01:00] security.DEBUG: Checking for guard authentication credentials. {"firewall_key":"main","authenticators":1} []
[2019-12-13T01:21:15.274060+01:00] security.DEBUG: Checking support on guard authenticator. {"firewall_key":"main","authenticator":"App\\Security\\LoginFormAuthenticator"} []
[2019-12-13T01:21:15.274074+01:00] security.DEBUG: Guard authenticator does not support the request. {"firewall_key":"main","authenticator":"App\\Security\\LoginFormAuthenticator"} []
[2019-12-13T01:21:15.853338+01:00] request.CRITICAL: Uncaught PHP Exception Twig\Error\SyntaxError: "Did you forget to run "composer require symfony/debug-bundle"? Unknown function "dump" in "tournament/show.html.twig"." at /home/users6/w/wkh4428/www/montournoi.org/vendor/symfony/twig-bridge/UndefinedCallableHandler.php line 96 {"exception":"[object] (Twig\\Error\\SyntaxError(code: 0): Did you forget to run \"composer require symfony/debug-bundle\"? Unknown function \"dump\" in \"tournament/show.html.twig\". at /home/users6/w/wkh4428/www/montournoi.org/vendor/symfony/twig-bridge/UndefinedCallableHandler.php:96)"} []
[2019-12-13T01:22:28.636691+01:00] request.INFO: Matched route "show_tournament". {"route":"show_tournament","route_parameters":{"_route":"show_tournament","_controller":"App\\Controller\\TournamentController::show"},"request_uri":"https://montournoi.org/tournoi/show?id=2","method":"GET"} []
[2019-12-13T01:22:29.080620+01:00] security.DEBUG: Checking for guard authentication credentials. {"firewall_key":"main","authenticators":1} []
[2019-12-13T01:22:29.080655+01:00] security.DEBUG: Checking support on guard authenticator. {"firewall_key":"main","authenticator":"App\\Security\\LoginFormAuthenticator"} []
[2019-12-13T01:22:29.080670+01:00] security.DEBUG: Guard authenticator does not support the request. {"firewall_key":"main","authenticator":"App\\Security\\LoginFormAuthenticator"} []
[2019-12-13T01:22:29.959174+01:00] request.CRITICAL: Uncaught PHP Exception Twig\Error\SyntaxError: "Did you forget to run "composer require symfony/debug-bundle"? Unknown function "dump" in "tournament/show.html.twig"." at /home/users6/w/wkh4428/www/montournoi.org/vendor/symfony/twig-bridge/UndefinedCallableHandler.php line 96 {"exception":"[object] (Twig\\Error\\SyntaxError(code: 0): Did you forget to run \"composer require symfony/debug-bundle\"? Unknown function \"dump\" in \"tournament/show.html.twig\". at /home/users6/w/wkh4428/www/montournoi.org/vendor/symfony/twig-bridge/UndefinedCallableHandler.php:96)"} []
[2019-12-13T01:36:05.494904+01:00] request.INFO: Matched route "show_tournament". {"route":"show_tournament","route_parameters":{"_route":"show_tournament","_controller":"App\\Controller\\TournamentController::show"},"request_uri":"https://montournoi.org/tournoi/show?id=2","method":"GET"} []
[2019-12-13T01:36:05.757377+01:00] security.DEBUG: Checking for guard authentication credentials. {"firewall_key":"main","authenticators":1} []
[2019-12-13T01:36:05.757400+01:00] security.DEBUG: Checking support on guard authenticator. {"firewall_key":"main","authenticator":"App\\Security\\LoginFormAuthenticator"} []
[2019-12-13T01:36:05.757415+01:00] security.DEBUG: Guard authenticator does not support the request. {"firewall_key":"main","authenticator":"App\\Security\\LoginFormAuthenticator"} []
[2019-12-13T01:36:06.348572+01:00] request.CRITICAL: Uncaught PHP Exception Twig\Error\SyntaxError: "Did you forget to run "composer require symfony/debug-bundle"? Unknown function "dump" in "tournament/show.html.twig"." at /home/users6/w/wkh4428/www/montournoi.org/vendor/symfony/twig-bridge/UndefinedCallableHandler.php line 96 {"exception":"[object] (Twig\\Error\\SyntaxError(code: 0): Did you forget to run \"composer require symfony/debug-bundle\"? Unknown function \"dump\" in \"tournament/show.html.twig\". at /home/users6/w/wkh4428/www/montournoi.org/vendor/symfony/twig-bridge/UndefinedCallableHandler.php:96)"} []
[2019-12-13T01:44:21.723472+01:00] request.INFO: Matched route "show_tournament". {"route":"show_tournament","route_parameters":{"_route":"show_tournament","_controller":"App\\Controller\\TournamentController::show"},"request_uri":"https://montournoi.org/tournoi/show?id=2","method":"GET"} []
[2019-12-13T01:44:22.123636+01:00] security.DEBUG: Checking for guard authentication credentials. {"firewall_key":"main","authenticators":1} []
[2019-12-13T01:44:22.123659+01:00] security.DEBUG: Checking support on guard authenticator. {"firewall_key":"main","authenticator":"App\\Security\\LoginFormAuthenticator"} []
[2019-12-13T01:44:22.123682+01:00] security.DEBUG: Guard authenticator does not support the request. {"firewall_key":"main","authenticator":"App\\Security\\LoginFormAuthenticator"} []
[2019-12-13T01:44:22.866401+01:00] request.CRITICAL: Uncaught PHP Exception Twig\Error\SyntaxError: "Did you forget to run "composer require symfony/debug-bundle"? Unknown function "dump" in "tournament/show.html.twig"." at /home/users6/w/wkh4428/www/montournoi.org/vendor/symfony/twig-bridge/UndefinedCallableHandler.php line 96 {"exception":"[object] (Twig\\Error\\SyntaxError(code: 0): Did you forget to run \"composer require symfony/debug-bundle\"? Unknown function \"dump\" in \"tournament/show.html.twig\". at /home/users6/w/wkh4428/www/montournoi.org/vendor/symfony/twig-bridge/UndefinedCallableHandler.php:96)"} []
[2019-12-13T08:14:22.961267+01:00] request.INFO: Matched route "show_tournament". {"route":"show_tournament","route_parameters":{"_route":"show_tournament","_controller":"App\\Controller\\TournamentController::show"},"request_uri":"https://montournoi.org/tournoi/show?id=2","method":"GET"} []
[2019-12-13T08:14:23.585652+01:00] security.DEBUG: Checking for guard authentication credentials. {"firewall_key":"main","authenticators":1} []
[2019-12-13T08:14:23.585690+01:00] security.DEBUG: Checking support on guard authenticator. {"firewall_key":"main","authenticator":"App\\Security\\LoginFormAuthenticator"} []
[2019-12-13T08:14:23.585712+01:00] security.DEBUG: Guard authenticator does not support the request. {"firewall_key":"main","authenticator":"App\\Security\\LoginFormAuthenticator"} []
[2019-12-13T08:14:25.207895+01:00] request.CRITICAL: Uncaught PHP Exception Twig\Error\SyntaxError: "Did you forget to run "composer require symfony/debug-bundle"? Unknown function "dump" in "tournament/show.html.twig"." at /home/users6/w/wkh4428/www/montournoi.org/vendor/symfony/twig-bridge/UndefinedCallableHandler.php line 96 {"exception":"[object] (Twig\\Error\\SyntaxError(code: 0): Did you forget to run \"composer require symfony/debug-bundle\"? Unknown function \"dump\" in \"tournament/show.html.twig\". at /home/users6/w/wkh4428/www/montournoi.org/vendor/symfony/twig-bridge/UndefinedCallableHandler.php:96)"} []
[2019-12-13T17:58:59.739541+01:00] request.INFO: Matched route "show_tournament". {"route":"show_tournament","route_parameters":{"_route":"show_tournament","_controller":"App\\Controller\\TournamentController::show"},"request_uri":"https://montournoi.org/tournoi/show?id=2","method":"GET"} []
[2019-12-13T17:58:59.992898+01:00] security.DEBUG: Checking for guard authentication credentials. {"firewall_key":"main","authenticators":1} []
[2019-12-13T17:58:59.992922+01:00] security.DEBUG: Checking support on guard authenticator. {"firewall_key":"main","authenticator":"App\\Security\\LoginFormAuthenticator"} []
[2019-12-13T17:58:59.992939+01:00] security.DEBUG: Guard authenticator does not support the request. {"firewall_key":"main","authenticator":"App\\Security\\LoginFormAuthenticator"} []
[2019-12-13T17:59:00.984842+01:00] request.CRITICAL: Uncaught PHP Exception Twig\Error\SyntaxError: "Did you forget to run "composer require symfony/debug-bundle"? Unknown function "dump" in "tournament/show.html.twig"." at /home/users6/w/wkh4428/www/montournoi.org/vendor/symfony/twig-bridge/UndefinedCallableHandler.php line 96 {"exception":"[object] (Twig\\Error\\SyntaxError(code: 0): Did you forget to run \"composer require symfony/debug-bundle\"? Unknown function \"dump\" in \"tournament/show.html.twig\". at /home/users6/w/wkh4428/www/montournoi.org/vendor/symfony/twig-bridge/UndefinedCallableHandler.php:96)"} []
[2019-12-13T17:59:18.820116+01:00] request.INFO: Matched route "show_tournament". {"route":"show_tournament","route_parameters":{"_route":"show_tournament","_controller":"App\\Controller\\TournamentController::show"},"request_uri":"https://montournoi.org/tournoi/show?id=2","method":"GET"} []
[2019-12-13T17:59:19.061155+01:00] security.DEBUG: Checking for guard authentication credentials. {"firewall_key":"main","authenticators":1} []
[2019-12-13T17:59:19.061175+01:00] security.DEBUG: Checking support on guard authenticator. {"firewall_key":"main","authenticator":"App\\Security\\LoginFormAuthenticator"} []
[2019-12-13T17:59:19.061188+01:00] security.DEBUG: Guard authenticator does not support the request. {"firewall_key":"main","authenticator":"App\\Security\\LoginFormAuthenticator"} []
[2019-12-13T17:59:19.832163+01:00] request.CRITICAL: Uncaught PHP Exception Twig\Error\SyntaxError: "Did you forget to run "composer require symfony/debug-bundle"? Unknown function "dump" in "tournament/show.html.twig"." at /home/users6/w/wkh4428/www/montournoi.org/vendor/symfony/twig-bridge/UndefinedCallableHandler.php line 96 {"exception":"[object] (Twig\\Error\\SyntaxError(code: 0): Did you forget to run \"composer require symfony/debug-bundle\"? Unknown function \"dump\" in \"tournament/show.html.twig\". at /home/users6/w/wkh4428/www/montournoi.org/vendor/symfony/twig-bridge/UndefinedCallableHandler.php:96)"} []
[2019-12-13T17:59:33.158388+01:00] request.INFO: Matched route "show_tournament". {"route":"show_tournament","route_parameters":{"_route":"show_tournament","_controller":"App\\Controller\\TournamentController::show"},"request_uri":"https://montournoi.org/tournoi/show?id=1","method":"GET"} []
[2019-12-13T17:59:33.439096+01:00] security.DEBUG: Checking for guard authentication credentials. {"firewall_key":"main","authenticators":1} []
[2019-12-13T17:59:33.439141+01:00] security.DEBUG: Checking support on guard authenticator. {"firewall_key":"main","authenticator":"App\\Security\\LoginFormAuthenticator"} []
[2019-12-13T17:59:33.439166+01:00] security.DEBUG: Guard authenticator does not support the request. {"firewall_key":"main","authenticator":"App\\Security\\LoginFormAuthenticator"} []
[2019-12-13T17:59:34.309513+01:00] request.CRITICAL: Uncaught PHP Exception Twig\Error\SyntaxError: "Did you forget to run "composer require symfony/debug-bundle"? Unknown function "dump" in "tournament/show.html.twig"." at /home/users6/w/wkh4428/www/montournoi.org/vendor/symfony/twig-bridge/UndefinedCallableHandler.php line 96 {"exception":"[object] (Twig\\Error\\SyntaxError(code: 0): Did you forget to run \"composer require symfony/debug-bundle\"? Unknown function \"dump\" in \"tournament/show.html.twig\". at /home/users6/w/wkh4428/www/montournoi.org/vendor/symfony/twig-bridge/UndefinedCallableHandler.php:96)"} []
[2019-12-13T17:59:48.748927+01:00] request.INFO: Matched route "show_tournament". {"route":"show_tournament","route_parameters":{"_route":"show_tournament","_controller":"App\\Controller\\TournamentController::show"},"request_uri":"https://montournoi.org/tournoi/show?id=1","method":"GET"} []
[2019-12-13T17:59:49.022250+01:00] security.DEBUG: Checking for guard authentication credentials. {"firewall_key":"main","authenticators":1} []
[2019-12-13T17:59:49.022283+01:00] security.DEBUG: Checking support on guard authenticator. {"firewall_key":"main","authenticator":"App\\Security\\LoginFormAuthenticator"} []
[2019-12-13T17:59:49.022295+01:00] security.DEBUG: Guard authenticator does not support the request. {"firewall_key":"main","authenticator":"App\\Security\\LoginFormAuthenticator"} []
[2019-12-13T17:59:49.640816+01:00] request.CRITICAL: Uncaught PHP Exception Twig\Error\SyntaxError: "Did you forget to run "composer require symfony/debug-bundle"? Unknown function "dump" in "tournament/show.html.twig"." at /home/users6/w/wkh4428/www/montournoi.org/vendor/symfony/twig-bridge/UndefinedCallableHandler.php line 96 {"exception":"[object] (Twig\\Error\\SyntaxError(code: 0): Did you forget to run \"composer require symfony/debug-bundle\"? Unknown function \"dump\" in \"tournament/show.html.twig\". at /home/users6/w/wkh4428/www/montournoi.org/vendor/symfony/twig-bridge/UndefinedCallableHandler.php:96)"} []
[2019-12-13T18:02:34.959040+01:00] request.INFO: Matched route "show_tournament". {"route":"show_tournament","route_parameters":{"_route":"show_tournament","_controller":"App\\Controller\\TournamentController::show"},"request_uri":"https://montournoi.org/tournoi/show?id=2","method":"GET"} []
[2019-12-13T18:02:35.559070+01:00] security.DEBUG: Checking for guard authentication credentials. {"firewall_key":"main","authenticators":1} []
[2019-12-13T18:02:35.559096+01:00] security.DEBUG: Checking support on guard authenticator. {"firewall_key":"main","authenticator":"App\\Security\\LoginFormAuthenticator"} []
[2019-12-13T18:02:35.559114+01:00] security.DEBUG: Guard authenticator does not support the request. {"firewall_key":"main","authenticator":"App\\Security\\LoginFormAuthenticator"} []
[2019-12-13T18:02:36.622481+01:00] request.CRITICAL: Uncaught PHP Exception Twig\Error\SyntaxError: "Did you forget to run "composer require symfony/debug-bundle"? Unknown function "dump" in "tournament/show.html.twig"." at /home/users6/w/wkh4428/www/montournoi.org/vendor/symfony/twig-bridge/UndefinedCallableHandler.php line 96 {"exception":"[object] (Twig\\Error\\SyntaxError(code: 0): Did you forget to run \"composer require symfony/debug-bundle\"? Unknown function \"dump\" in \"tournament/show.html.twig\". at /home/users6/w/wkh4428/www/montournoi.org/vendor/symfony/twig-bridge/UndefinedCallableHandler.php:96)"} []
[2019-12-13T18:02:43.205216+01:00] request.INFO: Matched route "show_tournament". {"route":"show_tournament","route_parameters":{"_route":"show_tournament","_controller":"App\\Controller\\TournamentController::show"},"request_uri":"https://montournoi.org/tournoi/show?id=2","method":"GET"} []
[2019-12-13T18:02:43.491649+01:00] security.DEBUG: Checking for guard authentication credentials. {"firewall_key":"main","authenticators":1} []
[2019-12-13T18:02:43.491684+01:00] security.DEBUG: Checking support on guard authenticator. {"firewall_key":"main","authenticator":"App\\Security\\LoginFormAuthenticator"} []
[2019-12-13T18:02:43.491698+01:00] security.DEBUG: Guard authenticator does not support the request. {"firewall_key":"main","authenticator":"App\\Security\\LoginFormAuthenticator"} []
[2019-12-13T18:02:43.996575+01:00] request.CRITICAL: Uncaught PHP Exception Twig\Error\SyntaxError: "Did you forget to run "composer require symfony/debug-bundle"? Unknown function "dump" in "tournament/show.html.twig"." at /home/users6/w/wkh4428/www/montournoi.org/vendor/symfony/twig-bridge/UndefinedCallableHandler.php line 96 {"exception":"[object] (Twig\\Error\\SyntaxError(code: 0): Did you forget to run \"composer require symfony/debug-bundle\"? Unknown function \"dump\" in \"tournament/show.html.twig\". at /home/users6/w/wkh4428/www/montournoi.org/vendor/symfony/twig-bridge/UndefinedCallableHandler.php:96)"} []
[2019-12-13T18:03:20.053054+01:00] request.INFO: Matched route "show_tournament". {"route":"show_tournament","route_parameters":{"_route":"show_tournament","_controller":"App\\Controller\\TournamentController::show"},"request_uri":"https://montournoi.org/tournoi/show?id=2","method":"GET"} []
[2019-12-13T18:03:20.323072+01:00] security.DEBUG: Checking for guard authentication credentials. {"firewall_key":"main","authenticators":1} []
[2019-12-13T18:03:20.323109+01:00] security.DEBUG: Checking support on guard authenticator. {"firewall_key":"main","authenticator":"App\\Security\\LoginFormAuthenticator"} []
[2019-12-13T18:03:20.323122+01:00] security.DEBUG: Guard authenticator does not support the request. {"firewall_key":"main","authenticator":"App\\Security\\LoginFormAuthenticator"} []
[2019-12-13T18:03:20.852468+01:00] request.CRITICAL: Uncaught PHP Exception Twig\Error\SyntaxError: "Did you forget to run "composer require symfony/debug-bundle"? Unknown function "dump" in "tournament/show.html.twig"." at /home/users6/w/wkh4428/www/montournoi.org/vendor/symfony/twig-bridge/UndefinedCallableHandler.php line 96 {"exception":"[object] (Twig\\Error\\SyntaxError(code: 0): Did you forget to run \"composer require symfony/debug-bundle\"? Unknown function \"dump\" in \"tournament/show.html.twig\". at /home/users6/w/wkh4428/www/montournoi.org/vendor/symfony/twig-bridge/UndefinedCallableHandler.php:96)"} []
[2019-12-13T18:03:29.638116+01:00] request.INFO: Matched route "show_tournament". {"route":"show_tournament","route_parameters":{"_route":"show_tournament","_controller":"App\\Controller\\TournamentController::show"},"request_uri":"http://montournoi.org/tournoi/show?id=2","method":"GET"} []
[2019-12-13T18:03:29.909029+01:00] security.DEBUG: Checking for guard authentication credentials. {"firewall_key":"main","authenticators":1} []
[2019-12-13T18:03:29.909053+01:00] security.DEBUG: Checking support on guard authenticator. {"firewall_key":"main","authenticator":"App\\Security\\LoginFormAuthenticator"} []
[2019-12-13T18:03:29.909067+01:00] security.DEBUG: Guard authenticator does not support the request. {"firewall_key":"main","authenticator":"App\\Security\\LoginFormAuthenticator"} []
[2019-12-13T18:03:30.415548+01:00] request.CRITICAL: Uncaught PHP Exception Twig\Error\SyntaxError: "Did you forget to run "composer require symfony/debug-bundle"? Unknown function "dump" in "tournament/show.html.twig"." at /home/users6/w/wkh4428/www/montournoi.org/vendor/symfony/twig-bridge/UndefinedCallableHandler.php line 96 {"exception":"[object] (Twig\\Error\\SyntaxError(code: 0): Did you forget to run \"composer require symfony/debug-bundle\"? Unknown function \"dump\" in \"tournament/show.html.twig\". at /home/users6/w/wkh4428/www/montournoi.org/vendor/symfony/twig-bridge/UndefinedCallableHandler.php:96)"} []
[2019-12-13T18:03:35.625364+01:00] request.INFO: Matched route "show_tournament". {"route":"show_tournament","route_parameters":{"_route":"show_tournament","_controller":"App\\Controller\\TournamentController::show"},"request_uri":"http://montournoi.org/tournoi/show?id=2","method":"GET"} []
[2019-12-13T18:03:36.006757+01:00] security.DEBUG: Checking for guard authentication credentials. {"firewall_key":"main","authenticators":1} []
[2019-12-13T18:03:36.006791+01:00] security.DEBUG: Checking support on guard authenticator. {"firewall_key":"main","authenticator":"App\\Security\\LoginFormAuthenticator"} []
[2019-12-13T18:03:36.006809+01:00] security.DEBUG: Guard authenticator does not support the request. {"firewall_key":"main","authenticator":"App\\Security\\LoginFormAuthenticator"} []
[2019-12-13T18:03:36.742992+01:00] request.CRITICAL: Uncaught PHP Exception Twig\Error\SyntaxError: "Did you forget to run "composer require symfony/debug-bundle"? Unknown function "dump" in "tournament/show.html.twig"." at /home/users6/w/wkh4428/www/montournoi.org/vendor/symfony/twig-bridge/UndefinedCallableHandler.php line 96 {"exception":"[object] (Twig\\Error\\SyntaxError(code: 0): Did you forget to run \"composer require symfony/debug-bundle\"? Unknown function \"dump\" in \"tournament/show.html.twig\". at /home/users6/w/wkh4428/www/montournoi.org/vendor/symfony/twig-bridge/UndefinedCallableHandler.php:96)"} []
[2019-12-13T18:03:46.676787+01:00] request.INFO: Matched route "show_tournament". {"route":"show_tournament","route_parameters":{"_route":"show_tournament","_controller":"App\\Controller\\TournamentController::show"},"request_uri":"http://montournoi.org/tournoi/show?id=2","method":"GET"} []
[2019-12-13T18:03:46.964341+01:00] security.DEBUG: Checking for guard authentication credentials. {"firewall_key":"main","authenticators":1} []
[2019-12-13T18:03:46.964387+01:00] security.DEBUG: Checking support on guard authenticator. {"firewall_key":"main","authenticator":"App\\Security\\LoginFormAuthenticator"} []
[2019-12-13T18:03:46.964410+01:00] security.DEBUG: Guard authenticator does not support the request. {"firewall_key":"main","authenticator":"App\\Security\\LoginFormAuthenticator"} []
[2019-12-13T18:03:47.479179+01:00] request.CRITICAL: Uncaught PHP Exception Twig\Error\SyntaxError: "Did you forget to run "composer require symfony/debug-bundle"? Unknown function "dump" in "tournament/show.html.twig"." at /home/users6/w/wkh4428/www/montournoi.org/vendor/symfony/twig-bridge/UndefinedCallableHandler.php line 96 {"exception":"[object] (Twig\\Error\\SyntaxError(code: 0): Did you forget to run \"composer require symfony/debug-bundle\"? Unknown function \"dump\" in \"tournament/show.html.twig\". at /home/users6/w/wkh4428/www/montournoi.org/vendor/symfony/twig-bridge/UndefinedCallableHandler.php:96)"} []
[2019-12-13T18:04:25.821438+01:00] request.INFO: Matched route "show_tournament". {"route":"show_tournament","route_parameters":{"_route":"show_tournament","_controller":"App\\Controller\\TournamentController::show"},"request_uri":"http://montournoi.org/tournoi/show?id=1","method":"GET"} []
[2019-12-13T18:04:26.111679+01:00] security.DEBUG: Checking for guard authentication credentials. {"firewall_key":"main","authenticators":1} []
[2019-12-13T18:04:26.111721+01:00] security.DEBUG: Checking support on guard authenticator. {"firewall_key":"main","authenticator":"App\\Security\\LoginFormAuthenticator"} []
[2019-12-13T18:04:26.111746+01:00] security.DEBUG: Guard authenticator does not support the request. {"firewall_key":"main","authenticator":"App\\Security\\LoginFormAuthenticator"} []
[2019-12-13T18:04:26.654768+01:00] request.CRITICAL: Uncaught PHP Exception Twig\Error\SyntaxError: "Did you forget to run "composer require symfony/debug-bundle"? Unknown function "dump" in "tournament/show.html.twig"." at /home/users6/w/wkh4428/www/montournoi.org/vendor/symfony/twig-bridge/UndefinedCallableHandler.php line 96 {"exception":"[object] (Twig\\Error\\SyntaxError(code: 0): Did you forget to run \"composer require symfony/debug-bundle\"? Unknown function \"dump\" in \"tournament/show.html.twig\". at /home/users6/w/wkh4428/www/montournoi.org/vendor/symfony/twig-bridge/UndefinedCallableHandler.php:96)"} []
[2019-12-13T18:08:00.528403+01:00] request.INFO: Matched route "show_tournament". {"route":"show_tournament","route_parameters":{"_route":"show_tournament","_controller":"App\\Controller\\TournamentController::show"},"request_uri":"https://montournoi.org/tournoi/show?id=2","method":"GET"} []
[2019-12-13T18:08:01.109011+01:00] security.DEBUG: Checking for guard authentication credentials. {"firewall_key":"main","authenticators":1} []
[2019-12-13T18:08:01.109037+01:00] security.DEBUG: Checking support on guard authenticator. {"firewall_key":"main","authenticator":"App\\Security\\LoginFormAuthenticator"} []
[2019-12-13T18:08:01.109055+01:00] security.DEBUG: Guard authenticator does not support the request. {"firewall_key":"main","authenticator":"App\\Security\\LoginFormAuthenticator"} []
[2019-12-13T18:08:02.195804+01:00] request.CRITICAL: Uncaught PHP Exception Twig\Error\SyntaxError: "Did you forget to run "composer require symfony/debug-bundle"? Unknown function "dump" in "tournament/show.html.twig"." at /home/users6/w/wkh4428/www/montournoi.org/vendor/symfony/twig-bridge/UndefinedCallableHandler.php line 96 {"exception":"[object] (Twig\\Error\\SyntaxError(code: 0): Did you forget to run \"composer require symfony/debug-bundle\"? Unknown function \"dump\" in \"tournament/show.html.twig\". at /home/users6/w/wkh4428/www/montournoi.org/vendor/symfony/twig-bridge/UndefinedCallableHandler.php:96)"} []
[2019-12-13T18:12:33.719274+01:00] request.INFO: Matched route "gamer_edit". {"route":"gamer_edit","route_parameters":{"_route":"gamer_edit","_controller":"App\\Controller\\GamerController::edit","id":"1"},"request_uri":"https://montournoi.org/gamer/1/edit","method":"GET"} []
[2019-12-13T18:12:34.005073+01:00] security.DEBUG: Checking for guard authentication credentials. {"firewall_key":"main","authenticators":1} []
[2019-12-13T18:12:34.005098+01:00] security.DEBUG: Checking support on guard authenticator. {"firewall_key":"main","authenticator":"App\\Security\\LoginFormAuthenticator"} []
[2019-12-13T18:12:34.005115+01:00] security.DEBUG: Guard authenticator does not support the request. {"firewall_key":"main","authenticator":"App\\Security\\LoginFormAuthenticator"} []
[2019-12-13T18:12:35.795120+01:00] request.CRITICAL: Uncaught PHP Exception ErrorException: "Catchable Fatal Error: Object of class Proxies\__CG__\App\Entity\Manager could not be converted to string" at /home/users6/w/wkh4428/www/montournoi.org/vendor/symfony/doctrine-bridge/Form/Type/DoctrineType.php line 58 {"exception":"[object] (ErrorException(code: 0): Catchable Fatal Error: Object of class Proxies\\__CG__\\App\\Entity\\Manager could not be converted to string at /home/users6/w/wkh4428/www/montournoi.org/vendor/symfony/doctrine-bridge/Form/Type/DoctrineType.php:58)"} []
[2019-12-13T18:12:54.499703+01:00] request.INFO: Matched route "gamer_edit". {"route":"gamer_edit","route_parameters":{"_route":"gamer_edit","_controller":"App\\Controller\\GamerController::edit","id":"8"},"request_uri":"https://montournoi.org/gamer/8/edit","method":"GET"} []
[2019-12-13T18:12:54.781656+01:00] security.DEBUG: Checking for guard authentication credentials. {"firewall_key":"main","authenticators":1} []
[2019-12-13T18:12:54.781680+01:00] security.DEBUG: Checking support on guard authenticator. {"firewall_key":"main","authenticator":"App\\Security\\LoginFormAuthenticator"} []
[2019-12-13T18:12:54.781697+01:00] security.DEBUG: Guard authenticator does not support the request. {"firewall_key":"main","authenticator":"App\\Security\\LoginFormAuthenticator"} []
[2019-12-13T18:12:55.590372+01:00] request.CRITICAL: Uncaught PHP Exception ErrorException: "Catchable Fatal Error: Object of class Proxies\__CG__\App\Entity\Manager could not be converted to string" at /home/users6/w/wkh4428/www/montournoi.org/vendor/symfony/doctrine-bridge/Form/Type/DoctrineType.php line 58 {"exception":"[object] (ErrorException(code: 0): Catchable Fatal Error: Object of class Proxies\\__CG__\\App\\Entity\\Manager could not be converted to string at /home/users6/w/wkh4428/www/montournoi.org/vendor/symfony/doctrine-bridge/Form/Type/DoctrineType.php:58)"} []
[2019-12-14T00:03:11.080796+01:00] request.INFO: Matched route "show_tournament". {"route":"show_tournament","route_parameters":{"_route":"show_tournament","_controller":"App\\Controller\\TournamentController::show"},"request_uri":"https://montournoi.org/tournoi/show?id=2","method":"GET"} []
[2019-12-14T00:03:11.367360+01:00] security.DEBUG: Checking for guard authentication credentials. {"firewall_key":"main","authenticators":1} []
[2019-12-14T00:03:11.367394+01:00] security.DEBUG: Checking support on guard authenticator. {"firewall_key":"main","authenticator":"App\\Security\\LoginFormAuthenticator"} []
[2019-12-14T00:03:11.367411+01:00] security.DEBUG: Guard authenticator does not support the request. {"firewall_key":"main","authenticator":"App\\Security\\LoginFormAuthenticator"} []
[2019-12-14T00:03:12.014522+01:00] request.CRITICAL: Uncaught PHP Exception Twig\Error\SyntaxError: "Did you forget to run "composer require symfony/debug-bundle"? Unknown function "dump" in "tournament/show.html.twig"." at /home/users6/w/wkh4428/www/montournoi.org/vendor/symfony/twig-bridge/UndefinedCallableHandler.php line 96 {"exception":"[object] (Twig\\Error\\SyntaxError(code: 0): Did you forget to run \"composer require symfony/debug-bundle\"? Unknown function \"dump\" in \"tournament/show.html.twig\". at /home/users6/w/wkh4428/www/montournoi.org/vendor/symfony/twig-bridge/UndefinedCallableHandler.php:96)"} []
[2019-12-14T11:06:16.669483+01:00] request.INFO: Matched route "gamer_edit". {"route":"gamer_edit","route_parameters":{"_route":"gamer_edit","_controller":"App\\Controller\\GamerController::edit","id":"3"},"request_uri":"https://montournoi.org/gamer/3/edit","method":"GET"} []
[2019-12-14T11:06:17.236112+01:00] security.DEBUG: Checking for guard authentication credentials. {"firewall_key":"main","authenticators":1} []
[2019-12-14T11:06:17.236167+01:00] security.DEBUG: Checking support on guard authenticator. {"firewall_key":"main","authenticator":"App\\Security\\LoginFormAuthenticator"} []
[2019-12-14T11:06:17.236195+01:00] security.DEBUG: Guard authenticator does not support the request. {"firewall_key":"main","authenticator":"App\\Security\\LoginFormAuthenticator"} []
[2019-12-14T11:06:18.909339+01:00] request.CRITICAL: Uncaught PHP Exception ErrorException: "Catchable Fatal Error: Object of class Proxies\__CG__\App\Entity\Manager could not be converted to string" at /home/users6/w/wkh4428/www/montournoi.org/vendor/symfony/doctrine-bridge/Form/Type/DoctrineType.php line 58 {"exception":"[object] (ErrorException(code: 0): Catchable Fatal Error: Object of class Proxies\\__CG__\\App\\Entity\\Manager could not be converted to string at /home/users6/w/wkh4428/www/montournoi.org/vendor/symfony/doctrine-bridge/Form/Type/DoctrineType.php:58)"} []
